<?xml version="1.0" encoding="utf-8"?><testsuites name="pytest tests"><testsuite name="pytest" errors="0" failures="1" skipped="0" tests="22" time="29.382" timestamp="2026-06-27T09:37:56.391281+00:00" hostname="agent-env-2e342155-8dc3-44f9-8306-c1131c42645f"><testcase classname="backend.tests.test_batch3_tools.TestBreach" name="test_breach_known_email" time="0.529" /><testcase classname="backend.tests.test_batch3_tools.TestBreach" name="test_breach_invalid_email_400" time="0.169" /><testcase classname="backend.tests.test_batch3_tools.TestOdds" name="test_odds_happy" time="0.150" /><testcase classname="backend.tests.test_batch3_tools.TestOdds" name="test_odds_low_tier_clamp" time="0.127" /><testcase classname="backend.tests.test_batch3_tools.TestPhishing" name="test_phishing_scammy_message" time="10.566" /><testcase classname="backend.tests.test_batch3_tools.TestPhishing" name="test_phishing_too_short_400" time="0.176" /><testcase classname="backend.tests.test_batch3_tools.TestPhishing" name="test_phishing_too_long_400" time="0.131" /><testcase classname="backend.tests.test_batch3_tools.TestAccountWorth" name="test_worth_low_followers_400" time="0.126" /><testcase classname="backend.tests.test_batch3_tools.TestAccountWorth" name="test_worth_currency_fields" time="0.129" /><testcase classname="backend.tests.test_batch3_tools.TestAccountWorth" name="test_worth_verified_boost" time="0.244" /><testcase classname="backend.tests.test_batch3_tools.TestSelfieCoach" name="test_perfect_ready" time="0.134" /><testcase classname="backend.tests.test_batch3_tools.TestSelfieCoach" name="test_worst_high_risk" time="0.193" /><testcase classname="backend.tests.test_batch3_tools.TestAnnouncementsPublic" name="test_public_list" time="0.130" /><testcase classname="backend.tests.test_batch3_tools.TestAnnouncementsAdmin" name="test_create_requires_admin" time="0.137" /><testcase classname="backend.tests.test_batch3_tools.TestAnnouncementsAdmin" name="test_create_empty_title_400" time="0.279" /><testcase classname="backend.tests.test_batch3_tools.TestAnnouncementsAdmin" name="test_create_blast_zero_counters" time="2.789"><failure message="assert 6 == 0">backend/tests/test_batch3_tools.py:240: in test_create_blast_zero_counters
    assert d["email_sent"] == 0
E   assert 6 == 0</failure></testcase><testcase classname="backend.tests.test_batch3_tools.TestAnnouncementsAdmin" name="test_delete_missing_404" time="0.135" /><testcase classname="backend.tests.test_batch3_tools.TestToolMeta" name="test_tool_meta_marked_new" time="0.511" /><testcase classname="backend.tests.test_batch3_tools.TestRegression" name="test_config_ok" time="0.125" /><testcase classname="backend.tests.test_batch3_tools.TestRegression" name="test_appeal_short_ok" time="8.871" /><testcase classname="backend.tests.test_batch3_tools.TestRegression" name="test_faq_ok" time="2.254" /><testcase classname="backend.tests.test_batch3_tools.TestRegression" name="test_chat_legacy_ok" time="1.161" /></testsuite></testsuites>