<?xml version="1.0" encoding="utf-8"?><testsuites name="pytest tests"><testsuite name="pytest" errors="0" failures="1" skipped="0" tests="31" time="20.457" timestamp="2026-05-24T17:27:01.130019+00:00" hostname="agent-env-2e342155-8dc3-44f9-8306-c1131c42645f"><testcase classname="backend.tests.test_batch1_backend" name="test_health" time="2.892" /><testcase classname="backend.tests.test_batch1_backend" name="test_get_config" time="2.492" /><testcase classname="backend.tests.test_batch1_backend.TestAuth" name="test_register_returns_user_and_sets_cookie" time="0.524" /><testcase classname="backend.tests.test_batch1_backend.TestAuth" name="test_register_duplicate_returns_409" time="0.648" /><testcase classname="backend.tests.test_batch1_backend.TestAuth" name="test_login_success" time="0.468" /><testcase classname="backend.tests.test_batch1_backend.TestAuth" name="test_login_wrong_password_401" time="0.553" /><testcase classname="backend.tests.test_batch1_backend.TestAuth" name="test_me_with_bearer" time="0.185" /><testcase classname="backend.tests.test_batch1_backend.TestAuth" name="test_me_with_cookie" time="0.657" /><testcase classname="backend.tests.test_batch1_backend.TestAuth" name="test_me_unauthenticated_returns_null" time="0.189" /><testcase classname="backend.tests.test_batch1_backend.TestAuth" name="test_logout_clears_cookie" time="0.568" /><testcase classname="backend.tests.test_batch1_backend.TestAuth" name="test_google_session_invalid_returns_401" time="0.292" /><testcase classname="backend.tests.test_batch1_backend.TestCoupons" name="test_create_hack20_percent" time="0.374" /><testcase classname="backend.tests.test_batch1_backend.TestCoupons" name="test_create_hack50_flat" time="0.291" /><testcase classname="backend.tests.test_batch1_backend.TestCoupons" name="test_list_coupons" time="0.182" /><testcase classname="backend.tests.test_batch1_backend.TestCoupons" name="test_apply_hack20_percent" time="0.165" /><testcase classname="backend.tests.test_batch1_backend.TestCoupons" name="test_apply_hack50_flat" time="0.193" /><testcase classname="backend.tests.test_batch1_backend.TestCoupons" name="test_apply_invalid_returns_404" time="0.154" /><testcase classname="backend.tests.test_batch1_backend.TestCoupons" name="test_patch_toggle_active" time="0.432" /><testcase classname="backend.tests.test_batch1_backend.TestCoupons" name="test_delete_coupon" time="0.483" /><testcase classname="backend.tests.test_batch1_backend.TestChat" name="test_single_chat_message" time="0.458"><failure message="AssertionError: {&quot;detail&quot;:&quot;AI assistant temporarily unavailable&quot;}&#10;assert 502 == 200&#10; +  where 502 = &lt;Response [502]&gt;.status_code">backend/tests/test_batch1_backend.py:229: in test_single_chat_message
    assert r.status_code == 200, r.text
E   AssertionError: {"detail":"AI assistant temporarily unavailable"}
E   assert 502 == 200
E    +  where 502 = &lt;Response [502]&gt;.status_code</failure></testcase><testcase classname="backend.tests.test_batch1_backend.TestChat" name="test_multi_turn_chat" time="5.274" /><testcase classname="backend.tests.test_batch1_backend.TestUploads" name="test_upload_get_delete" time="0.594" /><testcase classname="backend.tests.test_batch1_backend.TestUploads" name="test_upload_requires_admin" time="0.142" /><testcase classname="backend.tests.test_batch1_backend.TestUploads" name="test_upload_rejects_non_image" time="0.139" /><testcase classname="backend.tests.test_batch1_backend.TestTelegram" name="test_telegram_no_creds_returns_400" time="0.313" /><testcase classname="backend.tests.test_batch1_backend.TestTelegram" name="test_telegram_requires_admin" time="0.143" /><testcase classname="backend.tests.test_batch1_backend.TestOrders" name="test_order_without_auth_has_no_user_id" time="0.172" /><testcase classname="backend.tests.test_batch1_backend.TestOrders" name="test_order_with_bearer_attaches_user_id" time="0.316" /><testcase classname="backend.tests.test_batch1_backend.TestOrders" name="test_me_orders_requires_auth" time="0.129" /><testcase classname="backend.tests.test_batch1_backend.TestOrders" name="test_me_orders_returns_only_user_orders" time="0.284" /><testcase classname="backend.tests.test_batch1_backend.TestOrders" name="test_admin_orders_list" time="0.141" /></testsuite></testsuites>