<?xml version="1.0" encoding="utf-8"?><testsuites name="pytest tests"><testsuite name="pytest" errors="0" failures="0" skipped="0" tests="11" time="36.600" timestamp="2026-06-27T08:57:00.980016+00:00" hostname="agent-env-2e342155-8dc3-44f9-8306-c1131c42645f"><testcase classname="backend.tests.test_batch2_tools.TestToolsAppeal" name="test_appeal_happy_path" time="23.320" /><testcase classname="backend.tests.test_batch2_tools.TestToolsAppeal" name="test_appeal_empty_reason_returns_400" time="0.323" /><testcase classname="backend.tests.test_batch2_tools.TestToolsAppeal" name="test_appeal_whitespace_only_reason_returns_400" time="0.305" /><testcase classname="backend.tests.test_batch2_tools.TestToolsFaq" name="test_faq_happy_path_and_persistence" time="5.033" /><testcase classname="backend.tests.test_batch2_tools.TestToolsFaq" name="test_faq_empty_message_returns_400" time="0.668" /><testcase classname="backend.tests.test_batch2_tools.TestToolsFaq" name="test_faq_whitespace_message_returns_400" time="0.455" /><testcase classname="backend.tests.test_batch2_tools.TestFaqMongo" name="test_faq_writes_to_chat_history" time="3.388" /><testcase classname="backend.tests.test_batch2_tools.TestRegression" name="test_config_ok" time="0.378" /><testcase classname="backend.tests.test_batch2_tools.TestRegression" name="test_recovery_config_ok" time="0.445" /><testcase classname="backend.tests.test_batch2_tools.TestRegression" name="test_legacy_chat_message_ok" time="1.606" /><testcase classname="backend.tests.test_batch2_tools.TestRegression" name="test_orders_create_anonymous_ok" time="0.394" /></testsuite></testsuites>