<?xml version="1.0" encoding="utf-8"?><testsuites name="pytest tests"><testsuite name="pytest" errors="0" failures="2" skipped="0" tests="11" time="8.169" timestamp="2026-06-29T12:31:21.725285+00:00" hostname="agent-env-2e342155-8dc3-44f9-8306-c1131c42645f"><testcase classname="backend.tests.test_iter10_cashfree_receipt.TestCashfreeConfig" name="test_config_endpoint" time="0.381" /><testcase classname="backend.tests.test_iter10_cashfree_receipt.TestPayOrderCashfree" name="test_unauth_401" time="1.406" /><testcase classname="backend.tests.test_iter10_cashfree_receipt.TestPayOrderCashfree" name="test_cross_user_403" time="1.325" /><testcase classname="backend.tests.test_iter10_cashfree_receipt.TestPayOrderCashfree" name="test_no_price_400" time="0.299" /><testcase classname="backend.tests.test_iter10_cashfree_receipt.TestPayOrderCashfree" name="test_success_200_with_session" time="0.287"><failure message="AssertionError: {&quot;detail&quot;:&quot;Order price not set — ask admin to send a quote first&quot;}&#10;assert 400 == 200&#10; +  where 400 = &lt;Response [400]&gt;.status_code">backend/tests/test_iter10_cashfree_receipt.py:114: in test_success_200_with_session
    assert r.status_code == 200, r.text
E   AssertionError: {"detail":"Order price not set — ask admin to send a quote first"}
E   assert 400 == 200
E    +  where 400 = &lt;Response [400]&gt;.status_code</failure></testcase><testcase classname="backend.tests.test_iter10_cashfree_receipt.TestReceiptOnVerify" name="test_verify_dispatches_receipt" time="2.660" /><testcase classname="backend.tests.test_iter10_cashfree_receipt.TestEmailServiceIntrospection" name="test_notify_quote_sent_mentions_cashfree_and_pay_param" time="0.188" /><testcase classname="backend.tests.test_iter10_cashfree_receipt.TestEmailServiceIntrospection" name="test_send_order_receipt_email_exists_and_has_key_fields" time="0.002" /><testcase classname="backend.tests.test_iter10_cashfree_receipt.TestEmailServiceIntrospection" name="test_patch_orders_dispatches_receipt_on_verified" time="1.152" /><testcase classname="backend.tests.test_iter10_cashfree_receipt.TestEmailServiceIntrospection" name="test_me_pay_with_wallet_dispatches_both_receipts" time="0.004"><failure message="AssertionError: send_order_receipt_email NOT dispatched in me_pay_with_wallet — expected per iter-10 fix scope&#10;assert 'send_order_receipt_email' in '    &quot;&quot;&quot;Atomic one-tap payment using wallet balance. Marks order paid + verified.\n    Sends order-paid email + Telegram alert. Fails clean on insufficient balance.&quot;&quot;&quot;\n    user = await _get_user_from_request(request)\n    if not user:\n        raise HTTPException(status_code=401, detail=&quot;Login required&quot;)\n    order = await db.orders.find_one({&quot;id&quot;: order_id})\n    if not order:\n        raise HTTPException(status_code=404, detail=&quot;Order not found&quot;)\n    if order.get(&quot;user_id&quot;) and order.get(&quot;user_id&quot;) != user[&quot;user_id&quot;]:\n        raise HTTPException(status_code=403, detail=&quot;Not your order&quot;)\n    if order.get(&quot;status&quot;) in (&quot;verified&quot;, &quot;paid&quot;, &quot;in-progress&quot;, &quot;delivered&quot;):\n        raise HTTPException(status_code=400, detail=&quot;Order is already paid&quot;)\n    # Figure out price — prefer admin-set payment_amount, fall back to service price\n    amount = float(order.get(&quot;payment_amount&quot;) or order.get(&quot;amount&quot;) or 0)\n    if amount &lt;= 0:\n        # Look up live service price for this order\n        sid = order.get(&quot;service&quot;)\n        if sid:\n            svc = await db.services.find_one({&quot;id&quot;: sid})\n            if svc:\n                amount = float(svc.get(&quot;price&quot;) or 0) * int(order.get...loat] = None\n    refund_method: Optional[str] = None  # wallet | upi | bank | crypto\n\nREFUND_STATUSES = (&quot;requested&quot;, &quot;reviewing&quot;, &quot;approved&quot;, &quot;rejected&quot;, &quot;processed&quot;, &quot;completed&quot;)\n\nasync def _notify_admins_refund(refund: Dict[str, Any]):\n    try:\n        bot_token = await _get_bot_token()\n        if not bot_token:\n            return\n        bot_cfg = await _get_bot_cfg()\n        admin_ids = bot_cfg.get(&quot;admin_chat_ids&quot;) or []\n        if not admin_ids:\n            return\n        text = (\n            f&quot;↻ &lt;b&gt;REFUND REQUESTED&lt;/b&gt;\\n&quot;\n            f&quot;━━━━━━━━━━━━━━━\\n&quot;\n            f&quot;&lt;b&gt;▸ Refund ID&lt;/b&gt;  &lt;code&gt;{refund.get(\'id\')}&lt;/code&gt;\\n&quot;\n            f&quot;&lt;b&gt;▸ Order&lt;/b&gt;      &lt;code&gt;{refund.get(\'order_id\')}&lt;/code&gt;\\n&quot;\n            f&quot;&lt;b&gt;▸ User&lt;/b&gt;       {refund.get(\'user_email\', \'—\')}\\n&quot;\n            f&quot;&lt;b&gt;▸ Amount&lt;/b&gt;     ₹{refund.get(\'order_amount\', 0):,.2f}\\n&quot;\n            f&quot;&lt;b&gt;▸ Reason&lt;/b&gt;     {(refund.get(\'reason\') or \'\')[:200]}&quot;\n        )\n        for cid in admin_ids:\n            try: await _tg_send(bot_token, int(cid), text)\n            except Exception: continue\n    except Exception as e:\n        log.error(&quot;notify_admins_refund failed: %s&quot;, e)\n'">backend/tests/test_iter10_cashfree_receipt.py:182: in test_me_pay_with_wallet_dispatches_both_receipts
    assert "send_order_receipt_email" in body, (
E   AssertionError: send_order_receipt_email NOT dispatched in me_pay_with_wallet — expected per iter-10 fix scope
E   assert 'send_order_receipt_email' in '    """Atomic one-tap payment using wallet balance. Marks order paid + verified.\n    Sends order-paid email + Telegram alert. Fails clean on insufficient balance."""\n    user = await _get_user_from_request(request)\n    if not user:\n        raise HTTPException(status_code=401, detail="Login required")\n    order = await db.orders.find_one({"id": order_id})\n    if not order:\n        raise HTTPException(status_code=404, detail="Order not found")\n    if order.get("user_id") and order.get("user_id") != user["user_id"]:\n        raise HTTPException(status_code=403, detail="Not your order")\n    if order.get("status") in ("verified", "paid", "in-progress", "delivered"):\n        raise HTTPException(status_code=400, detail="Order is already paid")\n    # Figure out price — prefer admin-set payment_amount, fall back to service price\n    amount = float(order.get("payment_amount") or order.get("amount") or 0)\n    if amount &lt;= 0:\n        # Look up live service price for this order\n        sid = order.get("service")\n        if sid:\n            svc = await db.services.find_one({"id": sid})\n            if svc:\n                amount = float(svc.get("price") or 0) * int(order.get...loat] = None\n    refund_method: Optional[str] = None  # wallet | upi | bank | crypto\n\nREFUND_STATUSES = ("requested", "reviewing", "approved", "rejected", "processed", "completed")\n\nasync def _notify_admins_refund(refund: Dict[str, Any]):\n    try:\n        bot_token = await _get_bot_token()\n        if not bot_token:\n            return\n        bot_cfg = await _get_bot_cfg()\n        admin_ids = bot_cfg.get("admin_chat_ids") or []\n        if not admin_ids:\n            return\n        text = (\n            f"↻ &lt;b&gt;REFUND REQUESTED&lt;/b&gt;\\n"\n            f"━━━━━━━━━━━━━━━\\n"\n            f"&lt;b&gt;▸ Refund ID&lt;/b&gt;  &lt;code&gt;{refund.get(\'id\')}&lt;/code&gt;\\n"\n            f"&lt;b&gt;▸ Order&lt;/b&gt;      &lt;code&gt;{refund.get(\'order_id\')}&lt;/code&gt;\\n"\n            f"&lt;b&gt;▸ User&lt;/b&gt;       {refund.get(\'user_email\', \'—\')}\\n"\n            f"&lt;b&gt;▸ Amount&lt;/b&gt;     ₹{refund.get(\'order_amount\', 0):,.2f}\\n"\n            f"&lt;b&gt;▸ Reason&lt;/b&gt;     {(refund.get(\'reason\') or \'\')[:200]}"\n        )\n        for cid in admin_ids:\n            try: await _tg_send(bot_token, int(cid), text)\n            except Exception: continue\n    except Exception as e:\n        log.error("notify_admins_refund failed: %s", e)\n'</failure></testcase><testcase classname="backend.tests.test_iter10_cashfree_receipt.TestEmailServiceIntrospection" name="test_cashfree_reconcile_dispatches_correct_receipts" time="0.003" /></testsuite></testsuites>