<?xml version="1.0" encoding="utf-8"?><testsuites name="pytest tests"><testsuite name="pytest" errors="0" failures="0" skipped="1" tests="17" time="9.071" timestamp="2026-06-29T12:32:45.325658+00:00" hostname="agent-env-2e342155-8dc3-44f9-8306-c1131c42645f"><testcase classname="backend.tests.test_iter9_cashfree_refund_track.TestCashfree" name="test_config_returns_production" time="0.232" /><testcase classname="backend.tests.test_iter9_cashfree_refund_track.TestCashfree" name="test_topup_unauth" time="0.139" /><testcase classname="backend.tests.test_iter9_cashfree_refund_track.TestCashfree" name="test_topup_creates_session" time="1.494" /><testcase classname="backend.tests.test_iter9_cashfree_refund_track.TestCashfree" name="test_topup_persists_db_row" time="0.447" /><testcase classname="backend.tests.test_iter9_cashfree_refund_track.TestCashfree" name="test_status_unknown_order_502" time="0.807" /><testcase classname="backend.tests.test_iter9_cashfree_refund_track.TestCashfree" name="test_webhook_missing_signature_401" time="0.152" /><testcase classname="backend.tests.test_iter9_cashfree_refund_track.TestCashfree" name="test_webhook_invalid_signature_401" time="0.143" /><testcase classname="backend.tests.test_iter9_cashfree_refund_track.TestCashfree" name="test_pay_order_no_price_400" time="0.313" /><testcase classname="backend.tests.test_iter9_cashfree_refund_track.TestCashfree" name="test_pay_order_cross_user_403" time="1.544" /><testcase classname="backend.tests.test_iter9_cashfree_refund_track.TestCashfree" name="test_pay_order_paid_returns_400" time="0.429"><skipped type="pytest.skip" message="could not mark order verified: 404 {&quot;detail&quot;:&quot;Not Found&quot;}">/app/backend/tests/test_iter9_cashfree_refund_track.py:179: could not mark order verified: 404 {"detail":"Not Found"}</skipped></testcase><testcase classname="backend.tests.test_iter9_cashfree_refund_track.TestCashfree" name="test_pay_order_with_price_returns_session" time="0.865" /><testcase classname="backend.tests.test_iter9_cashfree_refund_track.TestRefundTrack" name="test_unknown_id_404" time="0.162" /><testcase classname="backend.tests.test_iter9_cashfree_refund_track.TestRefundTrack" name="test_known_id_pii_safe" time="0.303" /><testcase classname="backend.tests.test_iter9_cashfree_refund_track.TestSpinWeightDefault" name="test_missing_weight_defaults_to_one" time="0.587" /><testcase classname="backend.tests.test_iter9_cashfree_refund_track.TestPayWithWalletRegression" name="test_wallet_pay_flow" time="0.841" /><testcase classname="backend.tests.test_iter9_cashfree_refund_track.TestRefundRegression" name="test_list_my_refunds_200" time="0.180" /><testcase classname="backend.tests.test_iter9_cashfree_refund_track.TestRefundRegression" name="test_admin_list_refunds" time="0.163" /></testsuite></testsuites>