<?xml version="1.0" encoding="utf-8"?><testsuites name="pytest tests"><testsuite name="pytest" errors="0" failures="0" skipped="1" tests="24" time="18.381" timestamp="2026-06-28T15:22:23.474157+00:00" hostname="agent-env-2e342155-8dc3-44f9-8306-c1131c42645f"><testcase classname="backend.tests.test_iter8_refund_wallet_spin.TestSpin" name="test_public_config_no_weights" time="0.148" /><testcase classname="backend.tests.test_iter8_refund_wallet_spin.TestSpin" name="test_admin_update_prize_ladder_and_forced_winner" time="8.983" /><testcase classname="backend.tests.test_iter8_refund_wallet_spin.TestSpin" name="test_admin_requires_token" time="0.114" /><testcase classname="backend.tests.test_iter8_refund_wallet_spin.TestPayWithWallet" name="test_full_flow" time="1.101" /><testcase classname="backend.tests.test_iter8_refund_wallet_spin.TestPayWithWallet" name="test_unauthenticated_401" time="0.106" /><testcase classname="backend.tests.test_iter8_refund_wallet_spin.TestPayWithWallet" name="test_unknown_order_404" time="0.110" /><testcase classname="backend.tests.test_iter8_refund_wallet_spin.TestPayWithWallet" name="test_cross_user_403" time="1.005" /><testcase classname="backend.tests.test_iter8_refund_wallet_spin.TestRefundUser" name="test_create_refund" time="0.233" /><testcase classname="backend.tests.test_iter8_refund_wallet_spin.TestRefundUser" name="test_create_refund_dup_blocked" time="0.107" /><testcase classname="backend.tests.test_iter8_refund_wallet_spin.TestRefundUser" name="test_short_reason_422" time="0.213" /><testcase classname="backend.tests.test_iter8_refund_wallet_spin.TestRefundUser" name="test_list_mine" time="0.116" /><testcase classname="backend.tests.test_iter8_refund_wallet_spin.TestRefundUser" name="test_get_one_mine" time="0.129" /><testcase classname="backend.tests.test_iter8_refund_wallet_spin.TestRefundUser" name="test_get_one_wrong_id" time="0.131" /><testcase classname="backend.tests.test_iter8_refund_wallet_spin.TestRefundUser" name="test_cross_user_refund_get_404" time="3.198" /><testcase classname="backend.tests.test_iter8_refund_wallet_spin.TestRefundUser" name="test_public_track_no_pii" time="0.113" /><testcase classname="backend.tests.test_iter8_refund_wallet_spin.TestRefundUser" name="test_public_track_unknown" time="0.114" /><testcase classname="backend.tests.test_iter8_refund_wallet_spin.TestRefundAdmin" name="test_setup_request" time="0.361" /><testcase classname="backend.tests.test_iter8_refund_wallet_spin.TestRefundAdmin" name="test_admin_list_and_filter" time="0.231" /><testcase classname="backend.tests.test_iter8_refund_wallet_spin.TestRefundAdmin" name="test_admin_approve_credits_wallet" time="0.480" /><testcase classname="backend.tests.test_iter8_refund_wallet_spin.TestRefundAdmin" name="test_admin_reject_flow" time="0.567" /><testcase classname="backend.tests.test_iter8_refund_wallet_spin.TestTGRefund" name="test_webhook_doesnt_500" time="0.231"><skipped type="pytest.skip" message="No webhook secret available">/app/backend/tests/test_iter8_refund_wallet_spin.py:320: No webhook secret available</skipped></testcase><testcase classname="backend.tests.test_iter8_refund_wallet_spin.TestRegression" name="test_admin_tg_bot_ok" time="0.115" /><testcase classname="backend.tests.test_iter8_refund_wallet_spin.TestRegression" name="test_me_wallet_ok" time="0.109" /><testcase classname="backend.tests.test_iter8_refund_wallet_spin.TestRegression" name="test_orders_get_ok" time="0.224" /></testsuite></testsuites>