<?xml version="1.0" encoding="utf-8"?><testsuites name="pytest tests"><testsuite name="pytest" errors="0" failures="0" skipped="0" tests="14" time="7.380" timestamp="2026-06-30T07:47:36.794554+00:00" hostname="agent-env-2e342155-8dc3-44f9-8306-c1131c42645f"><testcase classname="tests.test_iter15_smm_public_extra.TestPublicCatalog" name="test_no_auth_required" time="1.478" /><testcase classname="tests.test_iter15_smm_public_extra.TestPublicCatalog" name="test_filter_platform_instagram" time="0.095" /><testcase classname="tests.test_iter15_smm_public_extra.TestPublicCatalog" name="test_filter_q_followers" time="0.084" /><testcase classname="tests.test_iter15_smm_public_extra.TestPublicCatalog" name="test_filter_category" time="0.065" /><testcase classname="tests.test_iter15_smm_public_extra.TestPublicCatalog" name="test_cached_flag_on_second_call" time="1.607" /><testcase classname="tests.test_iter15_smm_public_extra.TestPublicQuote" name="test_quote_404_unknown_service" time="0.010" /><testcase classname="tests.test_iter15_smm_public_extra.TestPublicQuote" name="test_quote_400_below_min" time="0.252" /><testcase classname="tests.test_iter15_smm_public_extra.TestPublicQuote" name="test_quote_400_above_max" time="0.008" /><testcase classname="tests.test_iter15_smm_public_extra.TestPublicQuote" name="test_quote_applies_min_order_floor" time="0.008" /><testcase classname="tests.test_iter15_smm_public_extra.TestPublicServiceLookup" name="test_service_lookup_404" time="0.009" /><testcase classname="tests.test_iter15_smm_public_extra.TestPublicOrder" name="test_order_missing_email_400" time="0.009" /><testcase classname="tests.test_iter15_smm_public_extra.TestPublicOrder" name="test_order_persists_smm_fields" time="0.019" /><testcase classname="tests.test_iter15_smm_public_extra.TestAdminConfig" name="test_put_config_accepts_new_fields_and_refresh_reflects" time="2.816" /><testcase classname="tests.test_iter15_smm_public_extra.TestSmmPlaceBugfix" name="test_smm_place_uses_smm_service_id_no_nameerror" time="0.621" /></testsuite></testsuites>