<?xml version="1.0" encoding="utf-8"?><testsuites name="pytest tests"><testsuite name="pytest" errors="0" failures="0" skipped="0" tests="8" time="2.928" timestamp="2026-06-30T11:30:03.854445+00:00" hostname="agent-env-2e342155-8dc3-44f9-8306-c1131c42645f"><testcase classname="backend.tests.test_iter28_smm_wallet_flow.TestAuthGate" name="test_anonymous_order_returns_401" time="0.613" /><testcase classname="backend.tests.test_iter28_smm_wallet_flow.TestQuotePayload" name="test_quote_anonymous" time="0.163" /><testcase classname="backend.tests.test_iter28_smm_wallet_flow.TestQuotePayload" name="test_quote_logged_in_operative" time="0.589" /><testcase classname="backend.tests.test_iter28_smm_wallet_flow.TestWalletInsufficient" name="test_fresh_user_402" time="0.587" /><testcase classname="backend.tests.test_iter28_smm_wallet_flow.TestSuccessfulOrder" name="test_create_order_debits_wallet_and_returns_redirect" time="0.230" /><testcase classname="backend.tests.test_iter28_smm_wallet_flow.TestAdminOrdersInbox" name="test_list_summary" time="0.187" /><testcase classname="backend.tests.test_iter28_smm_wallet_flow.TestAdminOrdersInbox" name="test_filter_has_error" time="0.175" /><testcase classname="backend.tests.test_iter28_smm_wallet_flow.TestAdminOrdersInbox" name="test_admin_token_required" time="0.140" /></testsuite></testsuites>