<?xml version="1.0" encoding="utf-8"?><testsuites name="pytest tests"><testsuite name="pytest" errors="0" failures="0" skipped="1" tests="28" time="16.391" timestamp="2026-06-29T12:49:56.249283+00:00" hostname="agent-env-2e342155-8dc3-44f9-8306-c1131c42645f"><testcase classname="backend.tests.test_iter9_cashfree_refund_track.TestCashfree" name="test_config_returns_production" time="0.228" /><testcase classname="backend.tests.test_iter9_cashfree_refund_track.TestCashfree" name="test_topup_unauth" time="0.163" /><testcase classname="backend.tests.test_iter9_cashfree_refund_track.TestCashfree" name="test_topup_creates_session" time="1.629" /><testcase classname="backend.tests.test_iter9_cashfree_refund_track.TestCashfree" name="test_topup_persists_db_row" time="0.443" /><testcase classname="backend.tests.test_iter9_cashfree_refund_track.TestCashfree" name="test_status_unknown_order_502" time="0.468" /><testcase classname="backend.tests.test_iter9_cashfree_refund_track.TestCashfree" name="test_webhook_missing_signature_401" time="0.121" /><testcase classname="backend.tests.test_iter9_cashfree_refund_track.TestCashfree" name="test_webhook_invalid_signature_401" time="0.117" /><testcase classname="backend.tests.test_iter9_cashfree_refund_track.TestCashfree" name="test_pay_order_no_price_400" time="0.297" /><testcase classname="backend.tests.test_iter9_cashfree_refund_track.TestCashfree" name="test_pay_order_cross_user_403" time="1.440" /><testcase classname="backend.tests.test_iter9_cashfree_refund_track.TestCashfree" name="test_pay_order_paid_returns_400" time="0.505"><skipped type="pytest.skip" message="could not mark order verified: 404 {&quot;detail&quot;:&quot;Not Found&quot;}">/app/backend/tests/test_iter9_cashfree_refund_track.py:179: could not mark order verified: 404 {"detail":"Not Found"}</skipped></testcase><testcase classname="backend.tests.test_iter9_cashfree_refund_track.TestCashfree" name="test_pay_order_with_price_returns_session" time="0.934" /><testcase classname="backend.tests.test_iter9_cashfree_refund_track.TestRefundTrack" name="test_unknown_id_404" time="0.117" /><testcase classname="backend.tests.test_iter9_cashfree_refund_track.TestRefundTrack" name="test_known_id_pii_safe" time="0.288" /><testcase classname="backend.tests.test_iter9_cashfree_refund_track.TestSpinWeightDefault" name="test_missing_weight_defaults_to_one" time="0.589" /><testcase classname="backend.tests.test_iter9_cashfree_refund_track.TestPayWithWalletRegression" name="test_wallet_pay_flow" time="0.719" /><testcase classname="backend.tests.test_iter9_cashfree_refund_track.TestRefundRegression" name="test_list_my_refunds_200" time="0.125" /><testcase classname="backend.tests.test_iter9_cashfree_refund_track.TestRefundRegression" name="test_admin_list_refunds" time="0.136" /><testcase classname="backend.tests.test_iter10_cashfree_receipt.TestCashfreeConfig" name="test_config_endpoint" time="0.174" /><testcase classname="backend.tests.test_iter10_cashfree_receipt.TestPayOrderCashfree" name="test_unauth_401" time="1.102" /><testcase classname="backend.tests.test_iter10_cashfree_receipt.TestPayOrderCashfree" name="test_cross_user_403" time="1.118" /><testcase classname="backend.tests.test_iter10_cashfree_receipt.TestPayOrderCashfree" name="test_no_price_400" time="0.241" /><testcase classname="backend.tests.test_iter10_cashfree_receipt.TestPayOrderCashfree" name="test_success_200_with_session" time="1.229" /><testcase classname="backend.tests.test_iter10_cashfree_receipt.TestReceiptOnVerify" name="test_verify_dispatches_receipt" time="2.544" /><testcase classname="backend.tests.test_iter10_cashfree_receipt.TestEmailServiceIntrospection" name="test_notify_quote_sent_mentions_cashfree_and_pay_param" time="0.202" /><testcase classname="backend.tests.test_iter10_cashfree_receipt.TestEmailServiceIntrospection" name="test_send_order_receipt_email_exists_and_has_key_fields" time="0.002" /><testcase classname="backend.tests.test_iter10_cashfree_receipt.TestEmailServiceIntrospection" name="test_patch_orders_dispatches_receipt_on_verified" time="1.161" /><testcase classname="backend.tests.test_iter10_cashfree_receipt.TestEmailServiceIntrospection" name="test_me_pay_with_wallet_dispatches_both_receipts" time="0.003" /><testcase classname="backend.tests.test_iter10_cashfree_receipt.TestEmailServiceIntrospection" name="test_cashfree_reconcile_dispatches_correct_receipts" time="0.002" /></testsuite></testsuites>