<?xml version="1.0" encoding="utf-8"?><testsuites name="pytest tests"><testsuite name="pytest" errors="0" failures="0" skipped="1" tests="53" time="18.924" timestamp="2026-06-29T12:59:16.672989+00:00" hostname="agent-env-2e342155-8dc3-44f9-8306-c1131c42645f"><testcase classname="backend.tests.test_iter13_lifespan_and_isolation.TestLifespanLanded" name="test_lifespan_imports_and_decorator_present" time="0.001" /><testcase classname="backend.tests.test_iter13_lifespan_and_isolation.TestLifespanLanded" name="test_grep_returns_at_least_four_lifespan_hits" time="0.002" /><testcase classname="backend.tests.test_iter13_lifespan_and_isolation.TestLifespanLanded" name="test_create_index_count_at_least_13" time="0.001" /><testcase classname="backend.tests.test_iter13_lifespan_and_isolation.TestLifespanLanded" name="test_no_on_event_decorator_lines" time="0.002" /><testcase classname="backend.tests.test_iter13_lifespan_and_isolation.TestLifespanRanAtStartup" name="test_ready_log_present" time="0.011" /><testcase classname="backend.tests.test_iter13_lifespan_and_isolation.TestPatchOrdersIsolation" name="test_three_isolated_try_except_blocks_present" time="0.002" /><testcase classname="backend.tests.test_iter13_lifespan_and_isolation.TestPatchOrderBehavioural" name="test_admin_can_patch_order_to_verified_without_500" time="2.477" /><testcase classname="backend.tests.test_iter9_cashfree_refund_track.TestCashfree" name="test_config_returns_production" time="0.123" /><testcase classname="backend.tests.test_iter9_cashfree_refund_track.TestCashfree" name="test_topup_unauth" time="0.156" /><testcase classname="backend.tests.test_iter9_cashfree_refund_track.TestCashfree" name="test_topup_creates_session" time="1.467" /><testcase classname="backend.tests.test_iter9_cashfree_refund_track.TestCashfree" name="test_topup_persists_db_row" time="0.473" /><testcase classname="backend.tests.test_iter9_cashfree_refund_track.TestCashfree" name="test_status_unknown_order_502" time="0.460" /><testcase classname="backend.tests.test_iter9_cashfree_refund_track.TestCashfree" name="test_webhook_missing_signature_401" time="0.256" /><testcase classname="backend.tests.test_iter9_cashfree_refund_track.TestCashfree" name="test_webhook_invalid_signature_401" time="0.159" /><testcase classname="backend.tests.test_iter9_cashfree_refund_track.TestCashfree" name="test_pay_order_no_price_400" time="0.313" /><testcase classname="backend.tests.test_iter9_cashfree_refund_track.TestCashfree" name="test_pay_order_cross_user_403" time="1.738" /><testcase classname="backend.tests.test_iter9_cashfree_refund_track.TestCashfree" name="test_pay_order_paid_returns_400" time="0.379"><skipped type="pytest.skip" message="could not mark order verified: 404 {&quot;detail&quot;:&quot;Not Found&quot;}">/app/backend/tests/test_iter9_cashfree_refund_track.py:179: could not mark order verified: 404 {"detail":"Not Found"}</skipped></testcase><testcase classname="backend.tests.test_iter9_cashfree_refund_track.TestCashfree" name="test_pay_order_with_price_returns_session" time="1.157" /><testcase classname="backend.tests.test_iter9_cashfree_refund_track.TestRefundTrack" name="test_unknown_id_404" time="0.133" /><testcase classname="backend.tests.test_iter9_cashfree_refund_track.TestRefundTrack" name="test_known_id_pii_safe" time="0.235" /><testcase classname="backend.tests.test_iter9_cashfree_refund_track.TestSpinWeightDefault" name="test_missing_weight_defaults_to_one" time="0.476" /><testcase classname="backend.tests.test_iter9_cashfree_refund_track.TestPayWithWalletRegression" name="test_wallet_pay_flow" time="0.687" /><testcase classname="backend.tests.test_iter9_cashfree_refund_track.TestRefundRegression" name="test_list_my_refunds_200" time="0.116" /><testcase classname="backend.tests.test_iter9_cashfree_refund_track.TestRefundRegression" name="test_admin_list_refunds" time="0.115" /><testcase classname="backend.tests.test_iter10_cashfree_receipt.TestCashfreeConfig" name="test_config_endpoint" time="0.109" /><testcase classname="backend.tests.test_iter10_cashfree_receipt.TestPayOrderCashfree" name="test_unauth_401" time="1.024" /><testcase classname="backend.tests.test_iter10_cashfree_receipt.TestPayOrderCashfree" name="test_cross_user_403" time="1.025" /><testcase classname="backend.tests.test_iter10_cashfree_receipt.TestPayOrderCashfree" name="test_no_price_400" time="0.243" /><testcase classname="backend.tests.test_iter10_cashfree_receipt.TestPayOrderCashfree" name="test_success_200_with_session" time="0.737" /><testcase classname="backend.tests.test_iter10_cashfree_receipt.TestReceiptOnVerify" name="test_verify_dispatches_receipt" time="2.507" /><testcase classname="backend.tests.test_iter10_cashfree_receipt.TestEmailServiceIntrospection" name="test_notify_quote_sent_mentions_cashfree_and_pay_param" time="0.154" /><testcase classname="backend.tests.test_iter10_cashfree_receipt.TestEmailServiceIntrospection" name="test_send_order_receipt_email_exists_and_has_key_fields" time="0.001" /><testcase classname="backend.tests.test_iter10_cashfree_receipt.TestEmailServiceIntrospection" name="test_patch_orders_dispatches_receipt_on_verified" time="0.702" /><testcase classname="backend.tests.test_iter10_cashfree_receipt.TestEmailServiceIntrospection" name="test_me_pay_with_wallet_dispatches_both_receipts" time="0.002" /><testcase classname="backend.tests.test_iter10_cashfree_receipt.TestEmailServiceIntrospection" name="test_cashfree_reconcile_dispatches_correct_receipts" time="0.002" /><testcase classname="backend.tests.test_iter12_refactor.TestLifespanStartup" name="test_backend_root_alive" time="0.108" /><testcase classname="backend.tests.test_iter12_refactor.TestLifespanStartup" name="test_cashfree_config_proves_startup_initialised" time="0.119" /><testcase classname="backend.tests.test_iter12_refactor.TestLifespanStartup" name="test_no_on_event_decorator_in_server" time="0.005" /><testcase classname="backend.tests.test_iter12_refactor.TestLifespanStartup" name="test_no_deprecation_warning_in_recent_logs" time="0.010" /><testcase classname="backend.tests.test_iter12_refactor.TestRoutesPackage" name="test_routes_init_exists" time="0.001" /><testcase classname="backend.tests.test_iter12_refactor.TestRoutesPackage" name="test_routes_cashfree_exists" time="0.001" /><testcase classname="backend.tests.test_iter12_refactor.TestRoutesPackage" name="test_server_includes_cashfree_router" time="0.002" /><testcase classname="backend.tests.test_iter12_refactor.TestRoutesPackage" name="test_server_no_longer_defines_cashfree_routes" time="0.002" /><testcase classname="backend.tests.test_iter12_refactor.TestRoutesPackage" name="test_server_keeps_cf_import_and_reconcile_helper" time="0.001" /><testcase classname="backend.tests.test_iter12_refactor.TestRoutesPackage" name="test_cashfree_module_uses_lazy_srv" time="0.001" /><testcase classname="backend.tests.test_iter12_refactor.TestCreateTaskIsolation" name="test_me_pay_with_wallet_has_three_isolated_dispatches" time="0.004" /><testcase classname="backend.tests.test_iter12_refactor.TestCreateTaskIsolation" name="test_cashfree_reconcile_wallet_topup_isolated" time="0.002" /><testcase classname="backend.tests.test_iter12_refactor.TestCreateTaskIsolation" name="test_cashfree_reconcile_service_payment_isolated" time="0.002" /><testcase classname="backend.tests.test_iter12_refactor.TestExtractedRoutesBehaviour" name="test_config_200" time="0.125" /><testcase classname="backend.tests.test_iter12_refactor.TestExtractedRoutesBehaviour" name="test_topup_unauth_401" time="0.136" /><testcase classname="backend.tests.test_iter12_refactor.TestExtractedRoutesBehaviour" name="test_pay_order_unauth_401" time="0.157" /><testcase classname="backend.tests.test_iter12_refactor.TestExtractedRoutesBehaviour" name="test_webhook_missing_sig_401" time="0.116" /><testcase classname="backend.tests.test_iter12_refactor.TestExtractedRoutesBehaviour" name="test_status_unknown_order_502" time="0.464" /></testsuite></testsuites>