<?xml version="1.0" encoding="utf-8"?><testsuites name="pytest tests"><testsuite name="pytest" errors="0" failures="0" skipped="0" tests="5" time="1.767" timestamp="2026-06-30T07:46:34.922023+00:00" hostname="agent-env-2e342155-8dc3-44f9-8306-c1131c42645f"><testcase classname="tests.test_smm_public" name="test_public_catalog_returns_inr_with_markup" time="0.328" /><testcase classname="tests.test_smm_public" name="test_public_quote_rejects_invalid_qty" time="0.342" /><testcase classname="tests.test_smm_public" name="test_public_order_creates_order_with_smm_binding" time="0.283" /><testcase classname="tests.test_smm_public" name="test_public_order_requires_email" time="0.317" /><testcase classname="tests.test_smm_public" name="test_public_service_lookup_returns_row" time="0.323" /></testsuite></testsuites>