<?xml version="1.0" encoding="utf-8"?><testsuites name="pytest tests"><testsuite name="pytest" errors="0" failures="0" skipped="0" tests="7" time="3.780" timestamp="2026-06-29T13:54:33.706194+00:00" hostname="agent-env-2e342155-8dc3-44f9-8306-c1131c42645f"><testcase classname="backend.tests.test_iter14_payment_box_quote_email.TestBug1PaymentBoxRendersWithFreshSettings" name="test_payments_settings_never_null" time="0.231" /><testcase classname="backend.tests.test_iter14_payment_box_quote_email.TestBug1PaymentBoxRendersWithFreshSettings" name="test_cashfree_config_production" time="0.228" /><testcase classname="backend.tests.test_iter14_payment_box_quote_email.TestBug1PaymentBoxRendersWithFreshSettings" name="test_settings_after_disable_all_manual" time="0.685" /><testcase classname="backend.tests.test_iter14_payment_box_quote_email.TestPaymentSettingsRegression" name="test_admin_can_enable_manual_with_upi" time="0.454" /><testcase classname="backend.tests.test_iter14_payment_box_quote_email.TestBug2QuoteEmailFlatHTML" name="test_quote_email_html_is_flat_and_renders_all_markers" time="0.174" /><testcase classname="backend.tests.test_iter14_payment_box_quote_email.TestRecoverySendPaymentTriggersQuote" name="test_admin_send_payment_creates_linked_order" time="1.142" /><testcase classname="backend.tests.test_iter14_payment_box_quote_email.TestCustomerOrderShape" name="test_customer_order_has_payment_amount_and_unpaid_status" time="0.625" /></testsuite></testsuites>