<?xml version="1.0" encoding="utf-8"?><testsuites name="pytest tests"><testsuite name="pytest" errors="0" failures="0" skipped="0" tests="11" time="3.082" timestamp="2026-06-30T10:22:05.813617+00:00" hostname="agent-env-2e342155-8dc3-44f9-8306-c1131c42645f"><testcase classname="backend.tests.test_iter27_operative_pass.TestTiers" name="test_list_tiers_public" time="0.215" /><testcase classname="backend.tests.test_iter27_operative_pass.TestSubscriptionFlow" name="test_default_tier_rookie" time="0.971" /><testcase classname="backend.tests.test_iter27_operative_pass.TestSubscriptionFlow" name="test_subscribe_rookie_rejected" time="0.056" /><testcase classname="backend.tests.test_iter27_operative_pass.TestSubscriptionFlow" name="test_subscribe_unknown_tier" time="0.055" /><testcase classname="backend.tests.test_iter27_operative_pass.TestSubscriptionFlow" name="test_subscribe_operative_success" time="0.181" /><testcase classname="backend.tests.test_iter27_operative_pass.TestSubscriptionFlow" name="test_dashboard_quota_after_subscribe" time="0.074" /><testcase classname="backend.tests.test_iter27_operative_pass.TestSubscriptionFlow" name="test_subscribe_insufficient_balance" time="0.609" /><testcase classname="backend.tests.test_iter27_operative_pass.TestSubscriptionFlow" name="test_subscription_cancel" time="0.113" /><testcase classname="backend.tests.test_iter27_operative_pass.TestStreak" name="test_streak_idempotent_first_call" time="0.113" /><testcase classname="backend.tests.test_iter27_operative_pass.TestMissions" name="test_missions_list" time="0.061" /><testcase classname="backend.tests.test_iter27_operative_pass.TestMissions" name="test_mission_claim_idempotent" time="0.238" /></testsuite></testsuites>