<?xml version="1.0" encoding="utf-8"?><testsuites name="pytest tests"><testsuite name="pytest" errors="0" failures="0" skipped="0" tests="10" time="33.562" timestamp="2026-06-30T12:59:14.406261+00:00" hostname="agent-env-2e342155-8dc3-44f9-8306-c1131c42645f"><testcase classname="backend.tests.test_iter31_sec_admin_cors.TestAdminBcrypt" name="test_admin_doc_has_bcrypt_hash_no_plaintext" time="4.061" /><testcase classname="backend.tests.test_iter31_sec_admin_cors.TestAdminBcrypt" name="test_admin_login_correct_returns_token" time="2.432" /><testcase classname="backend.tests.test_iter31_sec_admin_cors.TestAdminBcrypt" name="test_admin_login_wrong_returns_401" time="2.446" /><testcase classname="backend.tests.test_iter31_sec_admin_cors.TestAdminBruteForce" name="test_lockout_after_5_fails_blocks_even_correct" time="9.183" /><testcase classname="backend.tests.test_iter31_sec_admin_cors.TestAdminChangePassword" name="test_short_password_rejected_400" time="2.701" /><testcase classname="backend.tests.test_iter31_sec_admin_cors.TestCorsAllowList" name="test_allowed_origin_echoed" time="2.071" /><testcase classname="backend.tests.test_iter31_sec_admin_cors.TestCorsAllowList" name="test_disallowed_origin_blocked" time="2.011" /><testcase classname="backend.tests.test_iter31_sec_admin_cors.TestCustomerAuthRegression" name="test_login_sets_cookie_and_me_works" time="3.354" /><testcase classname="backend.tests.test_iter31_sec_admin_cors.TestDailyMissions" name="test_missions_list_has_flags" time="2.530" /><testcase classname="backend.tests.test_iter31_sec_admin_cors.TestDailyMissions" name="test_refer_friend_claim_rejected_no_referrals" time="2.499" /></testsuite></testsuites>