<?xml version="1.0" encoding="utf-8"?><testsuites name="pytest tests"><testsuite name="pytest" errors="0" failures="0" skipped="0" tests="11" time="3.425" timestamp="2026-06-30T09:33:42.280418+00:00" hostname="agent-env-2e342155-8dc3-44f9-8306-c1131c42645f"><testcase classname="backend.tests.test_iter25_whats_new.TestWhatsNewPublic" name="test_public_feed_returns_items" time="0.277" /><testcase classname="backend.tests.test_iter25_whats_new.TestWhatsNewPublic" name="test_each_item_has_required_fields" time="0.175" /><testcase classname="backend.tests.test_iter25_whats_new.TestWhatsNewPublic" name="test_seeded_ids_present" time="0.154" /><testcase classname="backend.tests.test_iter25_whats_new.TestWhatsNewPublic" name="test_no_duplicate_seeding_on_subsequent_calls" time="0.364" /><testcase classname="backend.tests.test_iter25_whats_new.TestWhatsNewAdminAuth" name="test_admin_list_requires_token" time="0.173" /><testcase classname="backend.tests.test_iter25_whats_new.TestWhatsNewAdminAuth" name="test_admin_create_requires_token" time="0.148" /><testcase classname="backend.tests.test_iter25_whats_new.TestWhatsNewAdminAuth" name="test_admin_update_requires_token" time="0.192" /><testcase classname="backend.tests.test_iter25_whats_new.TestWhatsNewAdminAuth" name="test_admin_delete_requires_token" time="0.171" /><testcase classname="backend.tests.test_iter25_whats_new.TestWhatsNewAdminAuth" name="test_admin_list_with_token" time="0.311" /><testcase classname="backend.tests.test_iter25_whats_new.TestWhatsNewCRUD" name="test_create_update_active_toggle_delete" time="1.059" /><testcase classname="backend.tests.test_iter25_whats_new.TestWhatsNewCRUD" name="test_update_nonexistent_returns_404" time="0.154" /></testsuite></testsuites>