<?xml version="1.0" encoding="utf-8"?><testsuites name="pytest tests"><testsuite name="pytest" errors="0" failures="0" skipped="0" tests="18" time="1.677" timestamp="2026-06-29T12:51:07.138934+00:00" hostname="agent-env-2e342155-8dc3-44f9-8306-c1131c42645f"><testcase classname="backend.tests.test_iter12_refactor.TestLifespanStartup" name="test_backend_root_alive" time="0.245" /><testcase classname="backend.tests.test_iter12_refactor.TestLifespanStartup" name="test_cashfree_config_proves_startup_initialised" time="0.132" /><testcase classname="backend.tests.test_iter12_refactor.TestLifespanStartup" name="test_no_on_event_decorator_in_server" time="0.002" /><testcase classname="backend.tests.test_iter12_refactor.TestLifespanStartup" name="test_no_deprecation_warning_in_recent_logs" time="0.020" /><testcase classname="backend.tests.test_iter12_refactor.TestRoutesPackage" name="test_routes_init_exists" time="0.001" /><testcase classname="backend.tests.test_iter12_refactor.TestRoutesPackage" name="test_routes_cashfree_exists" time="0.001" /><testcase classname="backend.tests.test_iter12_refactor.TestRoutesPackage" name="test_server_includes_cashfree_router" time="0.001" /><testcase classname="backend.tests.test_iter12_refactor.TestRoutesPackage" name="test_server_no_longer_defines_cashfree_routes" time="0.002" /><testcase classname="backend.tests.test_iter12_refactor.TestRoutesPackage" name="test_server_keeps_cf_import_and_reconcile_helper" time="0.001" /><testcase classname="backend.tests.test_iter12_refactor.TestRoutesPackage" name="test_cashfree_module_uses_lazy_srv" time="0.001" /><testcase classname="backend.tests.test_iter12_refactor.TestCreateTaskIsolation" name="test_me_pay_with_wallet_has_three_isolated_dispatches" time="0.004" /><testcase classname="backend.tests.test_iter12_refactor.TestCreateTaskIsolation" name="test_cashfree_reconcile_wallet_topup_isolated" time="0.002" /><testcase classname="backend.tests.test_iter12_refactor.TestCreateTaskIsolation" name="test_cashfree_reconcile_service_payment_isolated" time="0.002" /><testcase classname="backend.tests.test_iter12_refactor.TestExtractedRoutesBehaviour" name="test_config_200" time="0.118" /><testcase classname="backend.tests.test_iter12_refactor.TestExtractedRoutesBehaviour" name="test_topup_unauth_401" time="0.132" /><testcase classname="backend.tests.test_iter12_refactor.TestExtractedRoutesBehaviour" name="test_pay_order_unauth_401" time="0.151" /><testcase classname="backend.tests.test_iter12_refactor.TestExtractedRoutesBehaviour" name="test_webhook_missing_sig_401" time="0.133" /><testcase classname="backend.tests.test_iter12_refactor.TestExtractedRoutesBehaviour" name="test_status_unknown_order_502" time="0.529" /></testsuite></testsuites>