<?xml version="1.0" encoding="utf-8"?><testsuites name="pytest tests"><testsuite name="pytest" errors="0" failures="0" skipped="0" tests="23" time="23.024" timestamp="2026-06-27T19:27:55.737122+00:00" hostname="agent-env-2e342155-8dc3-44f9-8306-c1131c42645f"><testcase classname="backend.tests.test_tg_bot_upgrade" name="test_menu_command" time="0.021" /><testcase classname="backend.tests.test_tg_bot_upgrade" name="test_breach_with_email_no_state_left" time="0.236" /><testcase classname="backend.tests.test_tg_bot_upgrade" name="test_breach_without_email_then_email" time="0.125" /><testcase classname="backend.tests.test_tg_bot_upgrade" name="test_odds_full_flow" time="0.024" /><testcase classname="backend.tests.test_tg_bot_upgrade" name="test_quote_full_flow" time="0.016" /><testcase classname="backend.tests.test_tg_bot_upgrade" name="test_spin_unlinked" time="0.010" /><testcase classname="backend.tests.test_tg_bot_upgrade" name="test_spin_linked_idempotent_same_day" time="0.024" /><testcase classname="backend.tests.test_tg_bot_upgrade" name="test_phishing_flow" time="2.468" /><testcase classname="backend.tests.test_tg_bot_upgrade" name="test_wallet_unlinked" time="0.009" /><testcase classname="backend.tests.test_tg_bot_upgrade" name="test_wallet_linked" time="0.015" /><testcase classname="backend.tests.test_tg_bot_upgrade" name="test_news" time="0.013" /><testcase classname="backend.tests.test_tg_bot_upgrade" name="test_refer_linked" time="0.014" /><testcase classname="backend.tests.test_tg_bot_upgrade" name="test_ai_rate_limit" time="0.041" /><testcase classname="backend.tests.test_tg_bot_upgrade" name="test_cancel_clears_state" time="0.015" /><testcase classname="backend.tests.test_tg_bot_upgrade" name="test_regression_start_help_recover" time="0.019" /><testcase classname="backend.tests.test_tg_bot_upgrade" name="test_http_tools_recovery_odds" time="0.222" /><testcase classname="backend.tests.test_tg_bot_upgrade" name="test_http_tools_breach" time="0.261" /><testcase classname="backend.tests.test_tg_bot_upgrade" name="test_http_tools_phishing" time="7.306" /><testcase classname="backend.tests.test_tg_bot_upgrade" name="test_http_tools_account_worth" time="0.162" /><testcase classname="backend.tests.test_tg_bot_upgrade" name="test_http_tools_selfie_coach" time="0.131" /><testcase classname="backend.tests.test_tg_bot_upgrade" name="test_http_tools_appeal" time="7.921" /><testcase classname="backend.tests.test_tg_bot_upgrade" name="test_http_tools_faq" time="2.474" /><testcase classname="backend.tests.test_tg_bot_upgrade" name="test_admin_announcement_create_audience_delete" time="0.609" /></testsuite></testsuites>