<?xml version="1.0" encoding="utf-8"?><testsuites name="pytest tests"><testsuite name="pytest" errors="0" failures="0" skipped="0" tests="17" time="14.861" timestamp="2026-06-27T19:50:23.355838+00:00" hostname="agent-env-2e342155-8dc3-44f9-8306-c1131c42645f"><testcase classname="backend.tests.test_tools_rate_limit" name="test_usage_snapshot_anonymous_returns_all_tools" time="0.319" /><testcase classname="backend.tests.test_tools_rate_limit" name="test_usage_snapshot_logged_in_returns_user_scope" time="0.449" /><testcase classname="backend.tests.test_tools_rate_limit" name="test_breach_anonymous_6th_call_returns_429_auth_required" time="0.193" /><testcase classname="backend.tests.test_tools_rate_limit" name="test_breach_anonymous_first_call_returns_200_with_quota_free" time="0.612" /><testcase classname="backend.tests.test_tools_rate_limit" name="test_breach_loggedin_low_balance_returns_429_top_up_required" time="0.447" /><testcase classname="backend.tests.test_tools_rate_limit" name="test_phishing_loggedin_low_balance_429_topup" time="0.459" /><testcase classname="backend.tests.test_tools_rate_limit" name="test_appeal_loggedin_low_balance_429_topup" time="0.438" /><testcase classname="backend.tests.test_tools_rate_limit" name="test_faq_anonymous_429_auth_required" time="0.155" /><testcase classname="backend.tests.test_tools_rate_limit" name="test_wallet_debit_happy_path_breach" time="0.325" /><testcase classname="backend.tests.test_tools_rate_limit" name="test_wallet_debit_happy_path_appeal_49_inr" time="4.202" /><testcase classname="backend.tests.test_tools_rate_limit" name="test_admin_bypass_with_x_admin_token" time="0.017" /><testcase classname="backend.tests.test_tools_rate_limit" name="test_isolation_per_ip_anonymous" time="0.363" /><testcase classname="backend.tests.test_tools_rate_limit" name="test_isolation_user_shared_across_ips" time="0.639" /><testcase classname="backend.tests.test_tools_rate_limit" name="test_yesterday_usage_does_not_affect_today" time="0.167" /><testcase classname="backend.tests.test_tools_rate_limit" name="test_rule_based_recovery_odds_unmetered" time="1.507" /><testcase classname="backend.tests.test_tools_rate_limit" name="test_rule_based_account_worth_unmetered" time="1.691" /><testcase classname="backend.tests.test_tools_rate_limit" name="test_rule_based_selfie_coach_unmetered" time="1.485" /></testsuite></testsuites>