<?xml version="1.0" encoding="utf-8"?><testsuites name="pytest tests"><testsuite name="pytest" errors="0" failures="0" skipped="0" tests="18" time="5.595" timestamp="2026-06-27T21:18:47.664308+00:00" hostname="agent-env-2e342155-8dc3-44f9-8306-c1131c42645f"><testcase classname="backend.tests.test_wallet_deposit_receipt.TestAdminChats" name="test_get_admin_chats" time="0.399" /><testcase classname="backend.tests.test_wallet_deposit_receipt.TestAdminChats" name="test_get_admin_chats_requires_auth" time="0.114" /><testcase classname="backend.tests.test_wallet_deposit_receipt.TestAdminChats" name="test_put_admin_chats_dedupe_normalize" time="0.495" /><testcase classname="backend.tests.test_wallet_deposit_receipt.TestAdminChats" name="test_admin_chats_test_empty" time="0.501" /><testcase classname="backend.tests.test_wallet_deposit_receipt.TestPaymentInfo" name="test_get_payment_info_default" time="0.131" /><testcase classname="backend.tests.test_wallet_deposit_receipt.TestPaymentInfo" name="test_put_payment_info_partial_merge" time="0.481" /><testcase classname="backend.tests.test_wallet_deposit_receipt.TestWalletDepositFlow" name="test_create_deposit_pending" time="0.779" /><testcase classname="backend.tests.test_wallet_deposit_receipt.TestWalletDepositFlow" name="test_admin_list_pending" time="0.159" /><testcase classname="backend.tests.test_wallet_deposit_receipt.TestWalletDepositFlow" name="test_approve_credits_wallet" time="0.193" /><testcase classname="backend.tests.test_wallet_deposit_receipt.TestWalletDepositFlow" name="test_second_approve_fails" time="0.147" /><testcase classname="backend.tests.test_wallet_deposit_receipt.TestWalletDepositFlow" name="test_reject_after_approve_fails" time="0.130" /><testcase classname="backend.tests.test_wallet_deposit_receipt.TestRejectFlow" name="test_create_then_reject" time="0.308" /><testcase classname="backend.tests.test_wallet_deposit_receipt.TestRejectFlow" name="test_second_reject_does_not_credit" time="0.224" /><testcase classname="backend.tests.test_wallet_deposit_receipt.TestReceiptEndpoint" name="test_get_own_txn" time="0.101" /><testcase classname="backend.tests.test_wallet_deposit_receipt.TestReceiptEndpoint" name="test_get_unknown_returns_404" time="0.077" /><testcase classname="backend.tests.test_wallet_deposit_receipt.TestReceiptEndpoint" name="test_get_unauthenticated_returns_401" time="0.117" /><testcase classname="backend.tests.test_wallet_deposit_receipt.TestReceiptEndpoint" name="test_other_user_cannot_access" time="0.812" /><testcase classname="backend.tests.test_wallet_deposit_receipt" name="test_regression_legacy_bot_save" time="0.283" /></testsuite></testsuites>